1703596304.824459 client started (52318): version 3.3a, socket /private/tmp/tmux-501/default, protocol 8
1703596304.824524 on Darwin 23.2.0 Darwin Kernel Version 23.2.0: Wed Nov 15 21:53:18 PST 2023; root:xnu-10002.61.3~2/RELEASE_ARM64_T6000
1703596304.824542 using libevent 2.1.12-stable (select); utf8proc 2.8.0; ncurses 6.4
1703596304.824562 flags are 0x18010000
1703596304.824569 socket is /private/tmp/tmux-501/default
1703596304.824585 trying connect
1703596304.824635 add peer 0x110018000: 6 (0x0)
1703596304.826607 sending message 100 to peer 0x110018000 (4 bytes)
1703596304.826619 sending message 111 to peer 0x110018000 (8 bytes)
1703596304.826625 sending message 101 to peer 0x110018000 (15 bytes)
1703596304.826631 sending message 109 to peer 0x110018000 (4 bytes)
1703596304.826638 sending message 102 to peer 0x110018000 (13 bytes)
1703596304.826643 sending message 108 to peer 0x110018000 (17 bytes)
1703596304.826649 sending message 112 to peer 0x110018000 (58 bytes)
1703596304.826654 sending message 112 to peer 0x110018000 (5 bytes)
1703596304.826659 sending message 112 to peer 0x110018000 (5 bytes)
1703596304.826664 sending message 112 to peer 0x110018000 (6 bytes)
1703596304.826669 sending message 112 to peer 0x110018000 (6 bytes)
1703596304.826674 sending message 112 to peer 0x110018000 (11 bytes)
1703596304.826680 sending message 112 to peer 0x110018000 (10 bytes)
1703596304.826685 sending message 112 to peer 0x110018000 (13 bytes)
1703596304.826691 sending message 112 to peer 0x110018000 (14 bytes)
1703596304.826697 sending message 112 to peer 0x110018000 (19 bytes)
1703596304.826702 sending message 112 to peer 0x110018000 (11 bytes)
1703596304.826707 sending message 112 to peer 0x110018000 (10 bytes)
1703596304.826713 sending message 112 to peer 0x110018000 (15 bytes)
1703596304.826718 sending message 112 to peer 0x110018000 (21 bytes)
1703596304.826723 sending message 112 to peer 0x110018000 (13 bytes)
1703596304.826728 sending message 112 to peer 0x110018000 (7 bytes)
1703596304.826734 sending message 112 to peer 0x110018000 (13 bytes)
1703596304.826741 sending message 112 to peer 0x110018000 (7 bytes)
1703596304.826749 sending message 112 to peer 0x110018000 (13 bytes)
1703596304.826758 sending message 112 to peer 0x110018000 (9 bytes)
1703596304.826767 sending message 112 to peer 0x110018000 (21 bytes)
1703596304.826774 sending message 112 to peer 0x110018000 (13 bytes)
1703596304.826779 sending message 112 to peer 0x110018000 (9 bytes)
1703596304.826784 sending message 112 to peer 0x110018000 (16 bytes)
1703596304.826789 sending message 112 to peer 0x110018000 (13 bytes)
1703596304.826794 sending message 112 to peer 0x110018000 (9 bytes)
1703596304.826799 sending message 112 to peer 0x110018000 (9 bytes)
1703596304.826804 sending message 112 to peer 0x110018000 (12 bytes)
1703596304.826810 sending message 112 to peer 0x110018000 (8 bytes)
1703596304.826815 sending message 112 to peer 0x110018000 (8 bytes)
1703596304.826820 sending message 112 to peer 0x110018000 (13 bytes)
1703596304.826826 sending message 112 to peer 0x110018000 (7 bytes)
1703596304.826831 sending message 112 to peer 0x110018000 (7 bytes)
1703596304.826836 sending message 112 to peer 0x110018000 (9 bytes)
1703596304.826841 sending message 112 to peer 0x110018000 (9 bytes)
1703596304.826846 sending message 112 to peer 0x110018000 (15 bytes)
1703596304.826851 sending message 112 to peer 0x110018000 (13 bytes)
1703596304.826857 sending message 112 to peer 0x110018000 (12 bytes)
1703596304.826862 sending message 112 to peer 0x110018000 (8 bytes)
1703596304.826867 sending message 112 to peer 0x110018000 (14 bytes)
1703596304.826872 sending message 112 to peer 0x110018000 (11 bytes)
1703596304.826877 sending message 112 to peer 0x110018000 (9 bytes)
1703596304.826882 sending message 112 to peer 0x110018000 (10 bytes)
1703596304.826888 sending message 112 to peer 0x110018000 (10 bytes)
1703596304.826893 sending message 112 to peer 0x110018000 (10 bytes)
1703596304.826898 sending message 112 to peer 0x110018000 (10 bytes)
1703596304.826903 sending message 112 to peer 0x110018000 (11 bytes)
1703596304.826919 sending message 112 to peer 0x110018000 (12 bytes)
1703596304.826923 sending message 112 to peer 0x110018000 (12 bytes)
1703596304.826927 sending message 112 to peer 0x110018000 (12 bytes)
1703596304.826930 sending message 112 to peer 0x110018000 (12 bytes)
1703596304.826934 sending message 112 to peer 0x110018000 (12 bytes)
1703596304.826938 sending message 112 to peer 0x110018000 (11 bytes)
1703596304.826941 sending message 112 to peer 0x110018000 (11 bytes)
1703596304.826945 sending message 112 to peer 0x110018000 (12 bytes)
1703596304.826949 sending message 112 to peer 0x110018000 (12 bytes)
1703596304.826952 sending message 112 to peer 0x110018000 (12 bytes)
1703596304.826956 sending message 112 to peer 0x110018000 (12 bytes)
1703596304.826960 sending message 112 to peer 0x110018000 (12 bytes)
1703596304.826963 sending message 112 to peer 0x110018000 (9 bytes)
1703596304.826967 sending message 112 to peer 0x110018000 (12 bytes)
1703596304.826971 sending message 112 to peer 0x110018000 (13 bytes)
1703596304.826974 sending message 112 to peer 0x110018000 (13 bytes)
1703596304.826978 sending message 112 to peer 0x110018000 (13 bytes)
1703596304.826982 sending message 112 to peer 0x110018000 (13 bytes)
1703596304.826985 sending message 112 to peer 0x110018000 (13 bytes)
1703596304.826989 sending message 112 to peer 0x110018000 (8 bytes)
1703596304.826993 sending message 112 to peer 0x110018000 (11 bytes)
1703596304.826996 sending message 112 to peer 0x110018000 (11 bytes)
1703596304.827000 sending message 112 to peer 0x110018000 (11 bytes)
1703596304.827003 sending message 112 to peer 0x110018000 (12 bytes)
1703596304.827007 sending message 112 to peer 0x110018000 (12 bytes)
1703596304.827010 sending message 112 to peer 0x110018000 (12 bytes)
1703596304.827014 sending message 112 to peer 0x110018000 (12 bytes)
1703596304.827018 sending message 112 to peer 0x110018000 (13 bytes)
1703596304.827021 sending message 112 to peer 0x110018000 (13 bytes)
1703596304.827025 sending message 112 to peer 0x110018000 (13 bytes)
1703596304.827029 sending message 112 to peer 0x110018000 (8 bytes)
1703596304.827032 sending message 112 to peer 0x110018000 (13 bytes)
1703596304.827036 sending message 112 to peer 0x110018000 (13 bytes)
1703596304.827039 sending message 112 to peer 0x110018000 (13 bytes)
1703596304.827043 sending message 112 to peer 0x110018000 (13 bytes)
1703596304.827046 sending message 112 to peer 0x110018000 (13 bytes)
1703596304.827050 sending message 112 to peer 0x110018000 (12 bytes)
1703596304.827053 sending message 112 to peer 0x110018000 (12 bytes)
1703596304.827057 sending message 112 to peer 0x110018000 (12 bytes)
1703596304.827061 sending message 112 to peer 0x110018000 (12 bytes)
1703596304.827064 sending message 112 to peer 0x110018000 (13 bytes)
1703596304.827068 sending message 112 to peer 0x110018000 (8 bytes)
1703596304.827072 sending message 112 to peer 0x110018000 (13 bytes)
1703596304.827075 sending message 112 to peer 0x110018000 (13 bytes)
1703596304.827079 sending message 112 to peer 0x110018000 (13 bytes)
1703596304.827082 sending message 112 to peer 0x110018000 (13 bytes)
1703596304.827086 sending message 112 to peer 0x110018000 (13 bytes)
1703596304.827089 sending message 112 to peer 0x110018000 (13 bytes)
1703596304.827093 sending message 112 to peer 0x110018000 (13 bytes)
1703596304.827096 sending message 112 to peer 0x110018000 (12 bytes)
1703596304.827100 sending message 112 to peer 0x110018000 (12 bytes)
1703596304.827103 sending message 112 to peer 0x110018000 (12 bytes)
1703596304.827107 sending message 112 to peer 0x110018000 (8 bytes)
1703596304.827111 sending message 112 to peer 0x110018000 (12 bytes)
1703596304.827114 sending message 112 to peer 0x110018000 (13 bytes)
1703596304.827118 sending message 112 to peer 0x110018000 (13 bytes)
1703596304.827121 sending message 112 to peer 0x110018000 (13 bytes)
1703596304.827125 sending message 112 to peer 0x110018000 (13 bytes)
1703596304.827128 sending message 112 to peer 0x110018000 (13 bytes)
1703596304.827139 sending message 112 to peer 0x110018000 (13 bytes)
1703596304.827143 sending message 112 to peer 0x110018000 (13 bytes)
1703596304.827147 sending message 112 to peer 0x110018000 (13 bytes)
1703596304.827151 sending message 112 to peer 0x110018000 (12 bytes)
1703596304.827154 sending message 112 to peer 0x110018000 (10 bytes)
1703596304.827158 sending message 112 to peer 0x110018000 (12 bytes)
1703596304.827161 sending message 112 to peer 0x110018000 (12 bytes)
1703596304.827165 sending message 112 to peer 0x110018000 (12 bytes)
1703596304.827169 sending message 112 to peer 0x110018000 (13 bytes)
1703596304.827172 sending message 112 to peer 0x110018000 (13 bytes)
1703596304.827176 sending message 112 to peer 0x110018000 (13 bytes)
1703596304.827179 sending message 112 to peer 0x110018000 (13 bytes)
1703596304.827183 sending message 112 to peer 0x110018000 (13 bytes)
1703596304.827186 sending message 112 to peer 0x110018000 (13 bytes)
1703596304.827190 sending message 112 to peer 0x110018000 (13 bytes)
1703596304.827194 sending message 112 to peer 0x110018000 (10 bytes)
1703596304.827197 sending message 112 to peer 0x110018000 (13 bytes)
1703596304.827201 sending message 112 to peer 0x110018000 (12 bytes)
1703596304.827205 sending message 112 to peer 0x110018000 (12 bytes)
1703596304.827208 sending message 112 to peer 0x110018000 (12 bytes)
1703596304.827212 sending message 112 to peer 0x110018000 (10 bytes)
1703596304.827215 sending message 112 to peer 0x110018000 (10 bytes)
1703596304.827219 sending message 112 to peer 0x110018000 (10 bytes)
1703596304.827222 sending message 112 to peer 0x110018000 (12 bytes)
1703596304.827226 sending message 112 to peer 0x110018000 (13 bytes)
1703596304.827229 sending message 112 to peer 0x110018000 (13 bytes)
1703596304.827233 sending message 112 to peer 0x110018000 (13 bytes)
1703596304.827237 sending message 112 to peer 0x110018000 (13 bytes)
1703596304.827240 sending message 112 to peer 0x110018000 (13 bytes)
1703596304.827244 sending message 112 to peer 0x110018000 (10 bytes)
1703596304.827248 sending message 112 to peer 0x110018000 (11 bytes)
1703596304.827251 sending message 112 to peer 0x110018000 (12 bytes)
1703596304.827255 sending message 112 to peer 0x110018000 (12 bytes)
1703596304.827258 sending message 112 to peer 0x110018000 (12 bytes)
1703596304.827262 sending message 112 to peer 0x110018000 (12 bytes)
1703596304.827266 sending message 112 to peer 0x110018000 (12 bytes)
1703596304.827269 sending message 112 to peer 0x110018000 (11 bytes)
1703596304.827273 sending message 112 to peer 0x110018000 (12 bytes)
1703596304.827276 sending message 112 to peer 0x110018000 (12 bytes)
1703596304.827280 sending message 112 to peer 0x110018000 (13 bytes)
1703596304.827283 sending message 112 to peer 0x110018000 (13 bytes)
1703596304.827287 sending message 112 to peer 0x110018000 (13 bytes)
1703596304.827290 sending message 112 to peer 0x110018000 (13 bytes)
1703596304.827294 sending message 112 to peer 0x110018000 (13 bytes)
1703596304.827297 sending message 112 to peer 0x110018000 (10 bytes)
1703596304.827301 sending message 112 to peer 0x110018000 (9 bytes)
1703596304.827305 sending message 112 to peer 0x110018000 (12 bytes)
1703596304.827309 sending message 112 to peer 0x110018000 (13 bytes)
1703596304.827312 sending message 112 to peer 0x110018000 (13 bytes)
1703596304.827316 sending message 112 to peer 0x110018000 (13 bytes)
1703596304.827320 sending message 112 to peer 0x110018000 (13 bytes)
1703596304.827323 sending message 112 to peer 0x110018000 (13 bytes)
1703596304.827327 sending message 112 to peer 0x110018000 (9 bytes)
1703596304.827331 sending message 112 to peer 0x110018000 (12 bytes)
1703596304.827335 sending message 112 to peer 0x110018000 (13 bytes)
1703596304.827338 sending message 112 to peer 0x110018000 (13 bytes)
1703596304.827342 sending message 112 to peer 0x110018000 (13 bytes)
1703596304.827345 sending message 112 to peer 0x110018000 (13 bytes)
1703596304.827349 sending message 112 to peer 0x110018000 (13 bytes)
1703596304.827352 sending message 112 to peer 0x110018000 (11 bytes)
1703596304.827362 sending message 112 to peer 0x110018000 (12 bytes)
1703596304.827366 sending message 112 to peer 0x110018000 (13 bytes)
1703596304.827369 sending message 112 to peer 0x110018000 (13 bytes)
1703596304.827373 sending message 112 to peer 0x110018000 (13 bytes)
1703596304.827377 sending message 112 to peer 0x110018000 (13 bytes)
1703596304.827380 sending message 112 to peer 0x110018000 (13 bytes)
1703596304.827384 sending message 112 to peer 0x110018000 (11 bytes)
1703596304.827387 sending message 112 to peer 0x110018000 (12 bytes)
1703596304.827391 sending message 112 to peer 0x110018000 (12 bytes)
1703596304.827395 sending message 112 to peer 0x110018000 (12 bytes)
1703596304.827399 sending message 112 to peer 0x110018000 (12 bytes)
1703596304.827403 sending message 112 to peer 0x110018000 (12 bytes)
1703596304.827408 sending message 112 to peer 0x110018000 (21 bytes)
1703596304.827413 sending message 112 to peer 0x110018000 (12 bytes)
1703596304.827417 sending message 112 to peer 0x110018000 (9 bytes)
1703596304.827421 sending message 112 to peer 0x110018000 (6 bytes)
1703596304.827426 sending message 112 to peer 0x110018000 (13 bytes)
1703596304.827429 sending message 112 to peer 0x110018000 (10 bytes)
1703596304.827433 sending message 112 to peer 0x110018000 (24 bytes)
1703596304.827436 sending message 112 to peer 0x110018000 (13 bytes)
1703596304.827440 sending message 112 to peer 0x110018000 (9 bytes)
1703596304.827445 sending message 112 to peer 0x110018000 (70 bytes)
1703596304.827448 sending message 112 to peer 0x110018000 (69 bytes)
1703596304.827452 sending message 112 to peer 0x110018000 (12 bytes)
1703596304.827456 sending message 112 to peer 0x110018000 (10 bytes)
1703596304.827461 sending message 112 to peer 0x110018000 (10 bytes)
1703596304.827466 sending message 112 to peer 0x110018000 (24 bytes)
1703596304.827470 sending message 112 to peer 0x110018000 (13 bytes)
1703596304.827474 sending message 112 to peer 0x110018000 (10 bytes)
1703596304.827479 sending message 112 to peer 0x110018000 (10 bytes)
1703596304.827485 sending message 112 to peer 0x110018000 (10 bytes)
1703596304.827490 sending message 112 to peer 0x110018000 (13 bytes)
1703596304.827495 sending message 112 to peer 0x110018000 (15 bytes)
1703596304.827499 sending message 112 to peer 0x110018000 (5 bytes)
1703596304.827505 sending message 104 to peer 0x110018000 (0 bytes)
1703596304.827510 sending message 110 to peer 0x110018000 (0 bytes)
1703596304.827514 sending message 107 to peer 0x110018000 (4 bytes)
1703596304.827517 sending message 105 to peer 0x110018000 (60 bytes)
1703596304.827521 sending message 105 to peer 0x110018000 (66 bytes)
1703596304.827525 sending message 105 to peer 0x110018000 (27 bytes)
1703596304.827528 sending message 105 to peer 0x110018000 (15 bytes)
1703596304.827532 sending message 105 to peer 0x110018000 (22 bytes)
1703596304.827535 sending message 105 to peer 0x110018000 (14 bytes)
1703596304.827539 sending message 105 to peer 0x110018000 (21 bytes)
1703596304.827542 sending message 105 to peer 0x110018000 (15 bytes)
1703596304.827546 sending message 105 to peer 0x110018000 (43 bytes)
1703596304.827550 sending message 105 to peer 0x110018000 (15 bytes)
1703596304.827553 sending message 105 to peer 0x110018000 (28 bytes)
1703596304.827557 sending message 105 to peer 0x110018000 (23 bytes)
1703596304.827561 sending message 105 to peer 0x110018000 (425 bytes)
1703596304.827565 sending message 105 to peer 0x110018000 (19 bytes)
1703596304.827569 sending message 105 to peer 0x110018000 (20 bytes)
1703596304.827573 sending message 105 to peer 0x110018000 (22 bytes)
1703596304.827576 sending message 105 to peer 0x110018000 (20 bytes)
1703596304.827580 sending message 105 to peer 0x110018000 (14 bytes)
1703596304.827583 sending message 105 to peer 0x110018000 (57 bytes)
1703596304.827587 sending message 105 to peer 0x110018000 (7 bytes)
1703596304.827591 sending message 105 to peer 0x110018000 (19 bytes)
1703596304.827594 sending message 105 to peer 0x110018000 (10 bytes)
1703596304.827606 sending message 105 to peer 0x110018000 (61 bytes)
1703596304.827610 sending message 105 to peer 0x110018000 (34 bytes)
1703596304.827614 sending message 105 to peer 0x110018000 (8 bytes)
1703596304.827617 sending message 105 to peer 0x110018000 (16 bytes)
1703596304.827621 sending message 105 to peer 0x110018000 (30 bytes)
1703596304.827624 sending message 105 to peer 0x110018000 (37 bytes)
1703596304.827628 sending message 105 to peer 0x110018000 (34 bytes)
1703596304.827632 sending message 105 to peer 0x110018000 (34 bytes)
1703596304.827635 sending message 105 to peer 0x110018000 (35 bytes)
1703596304.827639 sending message 105 to peer 0x110018000 (12 bytes)
1703596304.827643 sending message 105 to peer 0x110018000 (22 bytes)
1703596304.827647 sending message 105 to peer 0x110018000 (24 bytes)
1703596304.827650 sending message 105 to peer 0x110018000 (11 bytes)
1703596304.827654 sending message 105 to peer 0x110018000 (8 bytes)
1703596304.827657 sending message 105 to peer 0x110018000 (32 bytes)
1703596304.827661 sending message 105 to peer 0x110018000 (96 bytes)
1703596304.827665 sending message 105 to peer 0x110018000 (10 bytes)
1703596304.827671 sending message 105 to peer 0x110018000 (26 bytes)
1703596304.827675 sending message 105 to peer 0x110018000 (22 bytes)
1703596304.827678 sending message 105 to peer 0x110018000 (16 bytes)
1703596304.827682 sending message 105 to peer 0x110018000 (16 bytes)
1703596304.827685 sending message 105 to peer 0x110018000 (25 bytes)
1703596304.827689 sending message 106 to peer 0x110018000 (0 bytes)
1703596304.827753 sending message 200 to peer 0x110018000 (4 bytes)
1703596304.827758 client loop enter
1703596304.840167 peer 0x110018000 message 207
1703596304.840180 sending message 208 to peer 0x110018000 (0 bytes)
1703596316.203631 peer 0x110018000 message 201
1703596316.203652 sending message 205 to peer 0x110018000 (0 bytes)
1703596316.205135 peer 0x110018000 message 204
1703596316.205151 client loop exit
